2025-11-14 10:01:19,298 INFO    MainThread:2102074 [wandb_setup.py:_flush():80] Current SDK version is 0.21.1
2025-11-14 10:01:19,298 INFO    MainThread:2102074 [wandb_setup.py:_flush():80] Configure stats pid to 2102074
2025-11-14 10:01:19,298 INFO    MainThread:2102074 [wandb_setup.py:_flush():80] Loading settings from /home/l.callisti/.config/wandb/settings
2025-11-14 10:01:19,298 INFO    MainThread:2102074 [wandb_setup.py:_flush():80] Loading settings from /home/l.callisti/Distillation_LunarLander/Final_pipeline/wandb/settings
2025-11-14 10:01:19,298 INFO    MainThread:2102074 [wandb_setup.py:_flush():80] Loading settings from environment variables
2025-11-14 10:01:19,298 INFO    MainThread:2102074 [wandb_init.py:setup_run_log_directory():703] Logging user logs to ./Results/Pusher/PPO/Teacher/wandb/run-20251114_100119-bww30qet/logs/debug.log
2025-11-14 10:01:19,299 INFO    MainThread:2102074 [wandb_init.py:setup_run_log_directory():704] Logging internal logs to ./Results/Pusher/PPO/Teacher/wandb/run-20251114_100119-bww30qet/logs/debug-internal.log
2025-11-14 10:01:19,299 INFO    MainThread:2102074 [wandb_init.py:init():830] calling init triggers
2025-11-14 10:01:19,299 INFO    MainThread:2102074 [wandb_init.py:init():835] wandb.init called with sweep_config: {}
config: {'env_name': 'Pusher-v5', 'seed': 1000, 'torch_deterministic': True, 'num_envs': 32, 'num_steps': 256, 'num_iterations': 3000, 'learning_rate': 0.0003, 'anneal_lr': True, 'gamma': 0.995, 'gae_lambda': 0.95, 'clip_coef': 0.2, 'clip_vloss': True, 'ent_coef': 0.001, 'anneal_ent_coef': False, 'vf_coef': 0.5, 'max_grad_norm': 0.5, 'update_epochs': 10, 'minibatch_size': 64, 'norm_adv': True, 'target_reward': -10, 'Test_frequency': 25, 'reset_after_test': False, 'Verbose_frequency': 1, 'run_name': 'PPO_Pusher', 'render_idx': [0, 1, 2, 3, 4, 5, 6, 7, 8, 9, 10, 11, 12, 13, 14, 15, 16, 17, 18, 19, 20, 21, 22, 23, 24, 25, 26, 27, 28, 29, 30, 31], 'record_video_idx': [0], 'folder_path': './Results/Pusher/PPO/Teacher/', 'wrappers': [<class 'My_wrapper.Float32ObsWrapper'>], 'seeds': [100, 101, 102, 103, 104, 105, 106, 107, 108, 109], 'video_folder': './Results/Pusher/PPO/Teacher/videos/PPO_Pusher', '_wandb': {'code_path': 'code/Pusher.py'}}
2025-11-14 10:01:19,299 INFO    MainThread:2102074 [wandb_init.py:init():871] starting backend
2025-11-14 10:01:19,510 INFO    MainThread:2102074 [wandb_init.py:init():874] sending inform_init request
2025-11-14 10:01:19,519 INFO    MainThread:2102074 [wandb_init.py:init():882] backend started and connected
2025-11-14 10:01:19,528 INFO    MainThread:2102074 [wandb_init.py:init():953] updated telemetry
2025-11-14 10:01:19,529 INFO    MainThread:2102074 [wandb_init.py:init():977] communicating run to backend with 90.0 second timeout
2025-11-14 10:01:20,264 INFO    MainThread:2102074 [wandb_init.py:init():1029] starting run threads in backend
2025-11-14 10:01:20,380 INFO    MainThread:2102074 [wandb_run.py:_console_start():2494] atexit reg
2025-11-14 10:01:20,380 INFO    MainThread:2102074 [wandb_run.py:_redirect():2342] redirect: wrap_raw
2025-11-14 10:01:20,381 INFO    MainThread:2102074 [wandb_run.py:_redirect():2411] Wrapping output streams.
2025-11-14 10:01:20,381 INFO    MainThread:2102074 [wandb_run.py:_redirect():2434] Redirects installed.
2025-11-14 10:01:20,383 INFO    MainThread:2102074 [wandb_init.py:init():1075] run started, returning control to user process
2025-11-14 12:23:37,324 WARNING MsgRouterThr:2102074 [router.py:message_loop():63] [no run ID] message_loop has been closed
Traceback (most recent call last):
  File "/home/l.callisti/Distillation/distillation/lib/python3.10/site-packages/wandb/sdk/interface/router_sock.py", line 27, in _read_message
    return self._sock_client.read_server_response(timeout=1)
  File "/home/l.callisti/Distillation/distillation/lib/python3.10/site-packages/wandb/sdk/lib/sock_client.py", line 227, in read_server_response
    data = self._read_packet_bytes(timeout=timeout)
  File "/home/l.callisti/Distillation/distillation/lib/python3.10/site-packages/wandb/sdk/lib/sock_client.py", line 212, in _read_packet_bytes
    raise SockClientClosedError
wandb.sdk.lib.sock_client.SockClientClosedError

The above exception was the direct cause of the following exception:

Traceback (most recent call last):
  File "/home/l.callisti/Distillation/distillation/lib/python3.10/site-packages/wandb/sdk/interface/router.py", line 56, in message_loop
    msg = self._read_message()
  File "/home/l.callisti/Distillation/distillation/lib/python3.10/site-packages/wandb/sdk/interface/router_sock.py", line 29, in _read_message
    raise MessageRouterClosedError from e
wandb.sdk.interface.router.MessageRouterClosedError
2025-11-14 12:23:37,326 INFO    MsgRouterThr:2102074 [mailbox.py:close():129] [no run ID] Closing mailbox, abandoning 1 handles.
