/home/l.callisti/Distillation/distillation/lib/python3.10/site-packages/gymnasium/wrappers/rendering.py:283: UserWarning: [33mWARN: Overwriting existing videos at /home/l.callisti/Distillation_LunarLander/Final_pipeline/Results/LunarLander/PPD/videos/PPD_LunarLander_PPDparam1.0 folder (try specifying a different `video_folder` for the `RecordVideo` wrapper if this is not desired)[0m
  logger.warn(
Start training...
> /home/l.callisti/Distillation_LunarLander/Final_pipeline/PPD.py(36)collect_rollouts()
-> screen = self.agent.get_screen(envs=None, screen=self.next_obs.cpu())
torch.Size([18, 8])
*** SyntaxError: '(' was never closed
*** NameError: name 'envs' is not defined
/home/l.callisti/Distillation/distillation/lib/python3.10/site-packages/gymnasium/vector/async_vector_env.py:457: UserWarning: [31mERROR: Received the following error from Worker-11 - Shutting it down[0m
  self._raise_if_errors(successes)
/home/l.callisti/Distillation/distillation/lib/python3.10/site-packages/gymnasium/vector/async_vector_env.py:457: UserWarning: [31mERROR: Traceback (most recent call last):
  File "/home/l.callisti/Distillation/distillation/lib/python3.10/site-packages/gymnasium/vector/async_vector_env.py", line 763, in _async_worker
    ) = env.step(data)
  File "/home/l.callisti/Distillation_LunarLander/Final_pipeline/My_wrapper.py", line 18, in step
    obs, reward, terminated, truncated, info = self.env.step(action)
  File "/home/l.callisti/Distillation/distillation/lib/python3.10/site-packages/gymnasium/wrappers/common.py", line 513, in step
    obs, reward, terminated, truncated, info = super().step(action)
  File "/home/l.callisti/Distillation/distillation/lib/python3.10/site-packages/gymnasium/core.py", line 327, in step
    return self.env.step(action)
  File "/home/l.callisti/Distillation/distillation/lib/python3.10/site-packages/gymnasium/wrappers/common.py", line 125, in step
    observation, reward, terminated, truncated, info = self.env.step(action)
  File "/home/l.callisti/Distillation_LunarLander/Final_pipeline/My_env.py", line 489, in step
    assert self.lander is not None
AssertionError
[0m
  self._raise_if_errors(successes)
/home/l.callisti/Distillation/distillation/lib/python3.10/site-packages/gymnasium/vector/async_vector_env.py:457: UserWarning: [31mERROR: Received the following error from Worker-1 - Shutting it down[0m
  self._raise_if_errors(successes)
/home/l.callisti/Distillation/distillation/lib/python3.10/site-packages/gymnasium/vector/async_vector_env.py:457: UserWarning: [31mERROR: Received the following error from Worker-7 - Shutting it down[0m
  self._raise_if_errors(successes)
/home/l.callisti/Distillation/distillation/lib/python3.10/site-packages/gymnasium/vector/async_vector_env.py:457: UserWarning: [31mERROR: Received the following error from Worker-8 - Shutting it down[0m
  self._raise_if_errors(successes)
/home/l.callisti/Distillation/distillation/lib/python3.10/site-packages/gymnasium/vector/async_vector_env.py:457: UserWarning: [31mERROR: Received the following error from Worker-5 - Shutting it down[0m
  self._raise_if_errors(successes)
/home/l.callisti/Distillation/distillation/lib/python3.10/site-packages/gymnasium/vector/async_vector_env.py:457: UserWarning: [31mERROR: Received the following error from Worker-12 - Shutting it down[0m
  self._raise_if_errors(successes)
/home/l.callisti/Distillation/distillation/lib/python3.10/site-packages/gymnasium/vector/async_vector_env.py:457: UserWarning: [31mERROR: Received the following error from Worker-16 - Shutting it down[0m
  self._raise_if_errors(successes)
/home/l.callisti/Distillation/distillation/lib/python3.10/site-packages/gymnasium/vector/async_vector_env.py:457: UserWarning: [31mERROR: Received the following error from Worker-0 - Shutting it down[0m
  self._raise_if_errors(successes)
/home/l.callisti/Distillation/distillation/lib/python3.10/site-packages/gymnasium/vector/async_vector_env.py:457: UserWarning: [31mERROR: Received the following error from Worker-17 - Shutting it down[0m
  self._raise_if_errors(successes)
/home/l.callisti/Distillation/distillation/lib/python3.10/site-packages/gymnasium/vector/async_vector_env.py:457: UserWarning: [31mERROR: Received the following error from Worker-3 - Shutting it down[0m
  self._raise_if_errors(successes)
/home/l.callisti/Distillation/distillation/lib/python3.10/site-packages/gymnasium/vector/async_vector_env.py:457: UserWarning: [31mERROR: Received the following error from Worker-9 - Shutting it down[0m
  self._raise_if_errors(successes)
/home/l.callisti/Distillation/distillation/lib/python3.10/site-packages/gymnasium/vector/async_vector_env.py:457: UserWarning: [31mERROR: Received the following error from Worker-13 - Shutting it down[0m
  self._raise_if_errors(successes)
/home/l.callisti/Distillation/distillation/lib/python3.10/site-packages/gymnasium/vector/async_vector_env.py:457: UserWarning: [31mERROR: Received the following error from Worker-14 - Shutting it down[0m
  self._raise_if_errors(successes)
/home/l.callisti/Distillation/distillation/lib/python3.10/site-packages/gymnasium/vector/async_vector_env.py:457: UserWarning: [31mERROR: Received the following error from Worker-15 - Shutting it down[0m
  self._raise_if_errors(successes)
/home/l.callisti/Distillation/distillation/lib/python3.10/site-packages/gymnasium/vector/async_vector_env.py:457: UserWarning: [31mERROR: Received the following error from Worker-6 - Shutting it down[0m
  self._raise_if_errors(successes)
/home/l.callisti/Distillation/distillation/lib/python3.10/site-packages/gymnasium/vector/async_vector_env.py:457: UserWarning: [31mERROR: Received the following error from Worker-2 - Shutting it down[0m
  self._raise_if_errors(successes)
/home/l.callisti/Distillation/distillation/lib/python3.10/site-packages/gymnasium/vector/async_vector_env.py:457: UserWarning: [31mERROR: Received the following error from Worker-4 - Shutting it down[0m
  self._raise_if_errors(successes)
/home/l.callisti/Distillation/distillation/lib/python3.10/site-packages/gymnasium/vector/async_vector_env.py:457: UserWarning: [31mERROR: Received the following error from Worker-10 - Shutting it down[0m
  self._raise_if_errors(successes)
/home/l.callisti/Distillation/distillation/lib/python3.10/site-packages/gymnasium/vector/async_vector_env.py:457: UserWarning: [31mERROR: Raising the last exception back to the main process.[0m
  self._raise_if_errors(successes)
*** AssertionError
torch.Size([64, 18])
torch.Size([64, 18, 8])
torch.Size([64, 18, 4, 133, 200])
*** NameError: name 'input_' is not defined
*** AttributeError: 'PPD' object has no attribute 'reset'
*** AttributeError: 'NoneType' object has no attribute 'send'
*** AttributeError: 'PPD' object has no attribute 'env'
AsyncVectorEnv(num_envs=18)
*** AttributeError: 'NoneType' object has no attribute 'send'
Traceback (most recent call last):
  File "/home/l.callisti/Distillation_LunarLander/Final_pipeline/LunarLander.py", line 150, in <module>
    Train_student_PPD()
  File "/home/l.callisti/Distillation_LunarLander/Final_pipeline/LunarLander.py", line 147, in Train_student_PPD
    PPD_trainer.train()
  File "/home/l.callisti/Distillation_LunarLander/Final_pipeline/PPO.py", line 276, in train
  File "/home/l.callisti/Distillation/distillation/lib/python3.10/site-packages/torch/utils/_contextlib.py", line 116, in decorate_context
    return func(*args, **kwargs)
  File "/home/l.callisti/Distillation_LunarLander/Final_pipeline/PPD.py", line 36, in collect_rollouts
    screen = self.agent.get_screen(envs=None, screen=self.next_obs.cpu())
  File "/home/l.callisti/Distillation_LunarLander/Final_pipeline/PPD.py", line 36, in collect_rollouts
    screen = self.agent.get_screen(envs=None, screen=self.next_obs.cpu())
  File "/usr/lib/python3.10/bdb.py", line 90, in trace_dispatch
    return self.dispatch_line(frame)
  File "/usr/lib/python3.10/bdb.py", line 115, in dispatch_line
    if self.quitting: raise BdbQuit
bdb.BdbQuit
